<?xml version="1.0" encoding="UTF-8"?>
<testng-results skipped="0" failed="0" total="6" passed="6">
  <reporter-output>
  </reporter-output>
  <suite name="SuiteJM" duration-ms="76" started-at="2018-09-23T08:27:42Z" finished-at="2018-09-23T08:27:43Z">
    <groups>
    </groups>
    <test name="Test2" duration-ms="76" started-at="2018-09-23T08:27:42Z" finished-at="2018-09-23T08:27:43Z">
      <class name="com.jenkinMaven.TestClassOne">
        <test-method status="PASS" signature="testOne()" name="testOne" duration-ms="33" started-at="2018-09-23T08:27:42Z" finished-at="2018-09-23T08:27:42Z">
        </test-method>
      </class>
      <class name="com.jenkinMaven.TestClassTwo">
        <test-method status="PASS" signature="testTwo()" name="testTwo" duration-ms="2" started-at="2018-09-23T08:27:43Z" finished-at="2018-09-23T08:27:43Z">
        </test-method>
      </class>
    </test>
  </suite>
  <suite name="SuiteDemo" duration-ms="13" started-at="2018-09-23T08:27:43Z" finished-at="2018-09-23T08:27:43Z">
    <groups>
    </groups>
    <test name="Test1" duration-ms="13" started-at="2018-09-23T08:27:43Z" finished-at="2018-09-23T08:27:43Z">
      <class name="testmaven.DemotoMaven">
        <test-method status="PASS" signature="verifyTitle()" name="verifyTitle" duration-ms="2" started-at="2018-09-23T08:27:43Z" finished-at="2018-09-23T08:27:43Z">
        </test-method>
        <test-method status="PASS" signature="loginFB()" name="loginFB" duration-ms="1" started-at="2018-09-23T08:27:43Z" finished-at="2018-09-23T08:27:43Z">
        </test-method>
        <test-method status="PASS" signature="verifyUser()" name="verifyUser" duration-ms="1" started-at="2018-09-23T08:27:43Z" finished-at="2018-09-23T08:27:43Z">
        </test-method>
      </class>
      <class name="testmaven.learn_demo">
        <test-method status="PASS" signature="verifyTitleofLearnautomation()" name="verifyTitleofLearnautomation" duration-ms="1" started-at="2018-09-23T08:27:43Z" finished-at="2018-09-23T08:27:43Z">
        </test-method>
      </class>
    </test>
  </suite>
</testng-results>
