<?xml version="1.0" encoding="UTF-8"?>
<testng-results skipped="0" failed="0" total="1" passed="1">
  <reporter-output>
  </reporter-output>
  <suite name="Suite" duration-ms="141" started-at="2018-04-14T11:01:46Z" finished-at="2018-04-14T11:01:46Z">
    <groups>
    </groups>
    <test name="Test" duration-ms="141" started-at="2018-04-14T11:01:46Z" finished-at="2018-04-14T11:01:46Z">
      <class name="testmaven.DemotoMaven">
        <test-method status="PASS" signature="hellomaven()" name="hellomaven" duration-ms="63" started-at="2018-04-14T11:01:46Z" finished-at="2018-04-14T11:01:46Z">
        </test-method>
      </class>
    </test>
  </suite>
</testng-results>
